<?xml version="1.0" encoding="UTF-8"?>
<robot generator="Robot 7.4.1 (Python 3.14.2 on win32)" generated="2026-02-02T15:05:04.683099" rpa="false" schemaversion="5">
<suite id="s1" name="Todos Tests" source="C:\Users\Sandip.Verma\Desktop\RobotFramework\API Testing\TestCases\todos_tests.robot">
<test id="s1-t1" name="Get All Todos" line="26">
<kw name="Create API Session" owner="todos_keywords" type="SETUP">
<kw name="Create Session" owner="RequestsLibrary">
<msg time="2026-02-02T15:05:04.939984" level="INFO">Creating Session using : alias=jsonplaceholder, url=https://jsonplaceholder.typicode.com, headers={},                     cookies={}, auth=None, timeout=None, proxies=None, verify=False,                     debug=0 </msg>
<arg>${SESSION}</arg>
<arg>${BASE_URL}</arg>
<doc>Create Session: create a HTTP session to a server</doc>
<status status="PASS" start="2026-02-02T15:05:04.939821" elapsed="0.000318"/>
</kw>
<status status="PASS" start="2026-02-02T15:05:04.939229" elapsed="0.000999"/>
</kw>
<kw name="Get All Todos" owner="todos_keywords">
<kw name="GET On Session" owner="RequestsLibrary">
<msg time="2026-02-02T15:05:05.193712" level="INFO">GET Request : url=https://jsonplaceholder.typicode.com/todos 
 path_url=/todos 
 headers={'User-Agent': 'python-requests/2.32.5', 'Accept-Encoding': 'gzip, deflate, zstd', 'Accept': '*/*', 'Connection': 'keep-alive'} 
 body=None 
 </msg>
<msg time="2026-02-02T15:05:05.194061" level="INFO">GET Response : url=https://jsonplaceholder.typicode.com/todos 
 status=200, reason=OK 
 headers={'Date': 'Mon, 02 Feb 2026 09:35:05 GMT', 'Content-Type': 'application/json; charset=utf-8', 'Content-Length': '4005', 'Connection': 'keep-alive', 'access-control-allow-credentials': 'true', 'Cache-Control': 'max-age=43200', 'Content-Encoding': 'gzip', 'etag': 'W/"5ef7-4Ad6/n39KWY9q6Ykm/ULNQ2F5IM"', 'expires': '-1', 'nel': '{"report_to":"heroku-nel","response_headers":["Via"],"max_age":3600,"success_fraction":0.01,"failure_fraction":0.1}', 'pragma': 'no-cache', 'report-to': '{"group":"heroku-nel","endpoints":[{"url":"https://nel.heroku.com/reports?s=TkrmKQGTlYliQWxZHDGNcv3cfr%2FbFhFRU33ufHLG3a4%3D\\u0026sid=e11707d5-02a7-43ef-b45e-2cf4d2036f7d\\u0026ts=1769489423"}],"max_age":3600}', 'reporting-endpoints': 'heroku-nel="https://nel.heroku.com/reports?s=TkrmKQGTlYliQWxZHDGNcv3cfr%2FbFhFRU33ufHLG3a4%3D&amp;sid=e11707d5-02a7-43ef-b45e-2cf4d2036f7d&amp;ts=1769489423"', 'Server': 'cloudflare', 'vary': 'Origin, Accept-Encoding', 'via': '2.0 heroku-router', 'x-content-type-options': 'nosniff', 'x-powered-by': 'Express', 'x-ratelimit-limit': '1000', 'x-ratelimit-remaining': '999', 'x-ratelimit-reset': '1769489428', 'Age': '15401', 'Accept-Ranges': 'bytes', 'cf-cache-status': 'HIT', 'CF-RAY': '9c78b24a2ad651fc-SIN', 'alt-svc': 'h3=":443"; ma=86400'} 
 body=[
  {
    "userId": 1,
    "id": 1,
    "title": "delectus aut autem",
    "completed": false
  },
  {
    "userId": 1,
    "id": 2,
    "title": "quis ut nam facilis et officia qui",
    "completed": false
  },
  {
    "userId": 1,
    "id": 3,
    "title": "fugiat veniam minus",
    "completed": false
  },
  {
    "userId": 1,
    "id": 4,
    "title": "et porro tempora",
    "completed": true
  },
  {
    "userId": 1,
    "id": 5,
    "title": "laboriosam mollitia et enim quasi adipisci quia provident illum",
    "completed": false
  },
  {
    "userId": 1,
    "id": 6,
    "title": "qui ullam ratione quibusdam voluptatem quia omnis",
    "completed": false
  },
  {
    "userId": 1,
    "id": 7,
    "title": "illo expedita consequatur quia in",
    "completed": false
  },
  {
    "userId": 1,
    "id": 8,
    "title": "quo adipisci enim quam ut ab",
    "completed": true
  },
  {
    "userId": 1,
    "id": 9,
    "title": "molestiae perspiciatis ipsa",
    "completed": false
  },
  {
    "userId": 1,
    "id": 10,
    "title": "illo est ratione doloremque quia maiores aut",
    "completed": true
  },
  {
    "userId": 1,
    "id": 11,
    "title": "vero rerum temporibus dolor",
    "completed": true
  },
  {
    "userId": 1,
    "id": 12,
    "title": "ipsa repellendus fugit nisi",
    "completed": true
  },
  {
    "userId": 1,
    "id": 13,
    "title": "et doloremque nulla",
    "completed": false
  },
  {
    "userId": 1,
    "id": 14,
    "title": "repellendus sunt dolores architecto voluptatum",
    "completed": true
  },
  {
    "userId": 1,
    "id": 15,
    "title": "ab voluptatum amet voluptas",
    "completed": true
  },
  {
    "userId": 1,
    "id": 16,
    "title": "accusamus eos facilis sint et aut voluptatem",
    "completed": true
  },
  {
    "userId": 1,
    "id": 17,
    "title": "quo laboriosam deleniti aut qui",
    "completed": true
  },
  {
    "userId": 1,
    "id": 18,
    "title": "dolorum est consequatur ea mollitia in culpa",
    "completed": false
  },
  {
    "userId": 1,
    "id": 19,
    "title": "molestiae ipsa aut voluptatibus pariatur dolor nihil",
    "completed": true
  },
  {
    "userId": 1,
    "id": 20,
    "title": "ullam nobis libero sapiente ad optio sint",
    "completed": true
  },
  {
    "userId": 2,
    "id": 21,
    "title": "suscipit repellat esse quibusdam voluptatem incidunt",
    "completed": false
  },
  {
    "userId": 2,
    "id": 22,
    "title": "distinctio vitae autem nihil ut molestias quo",
    "completed": true
  },
  {
    "userId": 2,
    "id": 23,
    "title": "et itaque necessitatibus maxime molestiae qui quas velit",
    "completed": false
  },
  {
    "userId": 2,
    "id": 24,
    "title": "adipisci non ad dicta qui amet quaerat doloribus ea",
    "completed": false
  },
  {
    "userId": 2,
    "id": 25,
    "title": "voluptas quo tenetur perspiciatis explicabo natus",
    "completed": true
  },
  {
    "userId": 2,
    "id": 26,
    "title": "aliquam aut quasi",
    "completed": true
  },
  {
    "userId": 2,
    "id": 27,
    "title": "veritatis pariatur delectus",
    "completed": true
  },
  {
    "userId": 2,
    "id": 28,
    "title": "nesciunt totam sit blanditiis sit",
    "completed": false
  },
  {
    "userId": 2,
    "id": 29,
    "title": "laborum aut in quam",
    "completed": false
  },
  {
    "userId": 2,
    "id": 30,
    "title": "nemo perspiciatis repellat ut dolor libero commodi blanditiis omnis",
    "completed": true
  },
  {
    "userId": 2,
    "id": 31,
    "title": "repudiandae totam in est sint facere fuga",
    "completed": false
  },
  {
    "userId": 2,
    "id": 32,
    "title": "earum doloribus ea doloremque quis",
    "completed": false
  },
  {
    "userId": 2,
    "id": 33,
    "title": "sint sit aut vero",
    "completed": false
  },
  {
    "userId": 2,
    "id": 34,
    "title": "porro aut necessitatibus eaque distinctio",
    "completed": false
  },
  {
    "userId": 2,
    "id": 35,
    "title": "repellendus veritatis molestias dicta incidunt",
    "completed": true
  },
  {
    "userId": 2,
    "id": 36,
    "title": "excepturi deleniti adipisci voluptatem et neque optio illum ad",
    "completed": true
  },
  {
    "userId": 2,
    "id": 37,
    "title": "sunt cum tempora",
    "completed": false
  },
  {
    "userId": 2,
    "id": 38,
    "title": "totam quia non",
    "completed": false
  },
  {
    "userId": 2,
    "id": 39,
    "title": "doloremque quibusdam asperiores libero corrupti illum qui omnis",
    "completed": false
  },
  {
    "userId": 2,
    "id": 40,
    "title": "totam atque quo nesciunt",
    "completed": true
  },
  {
    "userId": 3,
    "id": 41,
    "title": "aliquid amet impedit consequatur aspernatur placeat eaque fugiat suscipit",
    "completed": false
  },
  {
    "userId": 3,
    "id": 42,
    "title": "rerum perferendis error quia ut eveniet",
    "completed": false
  },
  {
    "userId": 3,
    "id": 43,
    "title": "tempore ut sint quis recusandae",
    "completed": true
  },
  {
    "userId": 3,
    "id": 44,
    "title": "cum debitis quis accusamus doloremque ipsa natus sapiente omnis",
    "completed": true
  },
  {
    "userId": 3,
    "id": 45,
    "title": "velit soluta adipisci molestias reiciendis harum",
    "completed": false
  },
  {
    "userId": 3,
    "id": 46,
    "title": "vel voluptatem repellat nihil placeat corporis",
    "completed": false
  },
  {
    "userId": 3,
    "id": 47,
    "title": "nam qui rerum fugiat accusamus",
    "completed": false
  },
  {
    "userId": 3,
    "id": 48,
    "title": "sit reprehenderit omnis quia",
    "completed": false
  },
  {
    "userId": 3,
    "id": 49,
    "title": "ut necessitatibus aut maiores debitis officia blanditiis velit et",
    "completed": false
  },
  {
    "userId": 3,
    "id": 50,
    "title": "cupiditate necessitatibus ullam aut quis dolor voluptate",
    "completed": true
  },
  {
    "userId": 3,
    "id": 51,
    "title": "distinctio exercitationem ab doloribus",
    "completed": false
  },
  {
    "userId": 3,
    "id": 52,
    "title": "nesciunt dolorum quis recusandae ad pariatur ratione",
    "completed": false
  },
  {
    "userId": 3,
    "id": 53,
    "title": "qui labore est occaecati recusandae aliquid quam",
    "completed": false
  },
  {
    "userId": 3,
    "id": 54,
    "title": "quis et est ut voluptate quam dolor",
    "completed": true
  },
  {
    "userId": 3,
    "id": 55,
    "title": "voluptatum omnis minima qui occaecati provident nulla voluptatem ratione",
    "completed": true
  },
  {
    "userId": 3,
    "id": 56,
    "title": "deleniti ea temporibus enim",
    "completed": true
  },
  {
    "userId": 3,
    "id": 57,
    "title": "pariatur et magnam ea doloribus similique voluptatem rerum quia",
    "completed": false
  },
  {
    "userId": 3,
    "id": 58,
    "title": "est dicta totam qui explicabo doloribus qui dignissimos",
    "completed": false
  },
  {
    "userId": 3,
    "id": 59,
    "title": "perspiciatis velit id laborum placeat iusto et aliquam odio",
    "completed": false
  },
  {
    "userId": 3,
    "id": 60,
    "title": "et sequi qui architecto ut adipisci",
    "completed": true
  },
  {
    "userId": 4,
    "id": 61,
    "title": "odit optio omnis qui sunt",
    "completed": true
  },
  {
    "userId": 4,
    "id": 62,
    "title": "et placeat et tempore aspernatur sint numquam",
    "completed": false
  },
  {
    "userId": 4,
    "id": 63,
    "title": "doloremque aut dolores quidem fuga qui nulla",
    "completed": true
  },
  {
    "userId": 4,
    "id": 64,
    "title": "voluptas consequatur qui ut quia magnam nemo esse",
    "completed": false
  },
  {
    "userId": 4,
    "id": 65,
    "title": "fugiat pariatur ratione ut asperiores necessitatibus magni",
    "completed": false
  },
  {
    "userId": 4,
    "id": 66,
    "title": "rerum eum molestias autem voluptatum sit optio",
    "completed": false
  },
  {
    "userId": 4,
    "id": 67,
    "title": "quia voluptatibus voluptatem quos similique maiores repellat",
    "completed": false
  },
  {
    "userId": 4,
    "id": 68,
    "title": "aut id perspiciatis voluptatem iusto",
    "completed": false
  },
  {
    "userId": 4,
    "id": 69,
    "title": "doloribus sint dolorum ab adipisci itaque dignissimos aliquam suscipit",
    "completed": false
  },
  {
    "userId": 4,
    "id": 70,
    "title": "ut sequi accusantium et mollitia delectus sunt",
    "completed": false
  },
  {
    "userId": 4,
    "id": 71,
    "title": "aut velit saepe ullam",
    "completed": false
  },
  {
    "userId": 4,
    "id": 72,
    "title": "praesentium facilis facere quis harum voluptatibus voluptatem eum",
    "completed": false
  },
  {
    "userId": 4,
    "id": 73,
    "title": "sint amet quia totam corporis qui exercitationem commodi",
    "completed": true
  },
  {
    "userId": 4,
    "id": 74,
    "title": "expedita tempore nobis eveniet laborum maiores",
    "completed": false
  },
  {
    "userId": 4,
    "id": 75,
    "title": "occaecati adipisci est possimus totam",
    "completed": false
  },
  {
    "userId": 4,
    "id": 76,
    "title": "sequi dolorem sed",
    "completed": true
  },
  {
    "userId": 4,
    "id": 77,
    "title": "maiores aut nesciunt delectus exercitationem vel assumenda eligendi at",
    "completed": false
  },
  {
    "userId": 4,
    "id": 78,
    "title": "reiciendis est magnam amet nemo iste recusandae impedit quaerat",
    "completed": false
  },
  {
    "userId": 4,
    "id": 79,
    "title": "eum ipsa maxime ut",
    "completed": true
  },
  {
    "userId": 4,
    "id": 80,
    "title": "tempore molestias dolores rerum sequi voluptates ipsum consequatur",
    "completed": true
  },
  {
    "userId": 5,
    "id": 81,
    "title": "suscipit qui totam",
    "completed": true
  },
  {
    "userId": 5,
    "id": 82,
    "title": "voluptates eum voluptas et dicta",
    "completed": false
  },
  {
    "userId": 5,
    "id": 83,
    "title": "quidem at rerum q... (set the log level to DEBUG or TRACE to see the full content) 
 </msg>
<msg time="2026-02-02T15:05:05.194528" level="INFO">C:\Users\Sandip.Verma\Desktop\RobotFramework\venv\Lib\site-packages\urllib3\connectionpool.py:1097: InsecureRequestWarning: Unverified HTTPS request is being made to host 'jsonplaceholder.typicode.com'. Adding certificate verification is strongly advised. See: https://urllib3.readthedocs.io/en/latest/advanced-usage.html#tls-warnings
  warnings.warn(</msg>
<msg time="2026-02-02T15:05:05.195495" level="INFO">${response} = &lt;Response [200]&gt;</msg>
<var>${response}</var>
<arg>${SESSION}</arg>
<arg>${todos_endpoint}</arg>
<doc>Sends a GET request on a previously created HTTP Session.</doc>
<status status="PASS" start="2026-02-02T15:05:04.940854" elapsed="0.254774"/>
</kw>
<kw name="Should Be Equal As Integers" owner="BuiltIn">
<arg>${response.status_code}</arg>
<arg>${success_status_code}</arg>
<doc>Fails if objects are unequal after converting them to integers.</doc>
<status status="PASS" start="2026-02-02T15:05:05.196161" elapsed="0.001937"/>
</kw>
<return>
<value>${response}</value>
<status status="PASS" start="2026-02-02T15:05:05.198292" elapsed="0.000166"/>
</return>
<msg time="2026-02-02T15:05:05.198817" level="INFO">${response} = &lt;Response [200]&gt;</msg>
<var>${response}</var>
<status status="PASS" start="2026-02-02T15:05:04.940641" elapsed="0.258248"/>
</kw>
<kw name="Log To Console" owner="BuiltIn">
<arg>${response.json()}</arg>
<doc>Logs the given message to the console.</doc>
<status status="PASS" start="2026-02-02T15:05:05.199507" elapsed="0.002350"/>
</kw>
<kw name="Close API Session" owner="todos_keywords" type="TEARDOWN">
<kw name="Delete All Sessions" owner="RequestsLibrary">
<msg time="2026-02-02T15:05:05.202683" level="INFO">Deleting All Sessions</msg>
<doc>Removes all the session objects</doc>
<status status="PASS" start="2026-02-02T15:05:05.202554" elapsed="0.000232"/>
</kw>
<status status="PASS" start="2026-02-02T15:05:05.202279" elapsed="0.000574"/>
</kw>
<status status="PASS" start="2026-02-02T15:05:04.938453" elapsed="0.264643"/>
</test>
<test id="s1-t2" name="Get Single Todo" line="30">
<kw name="Create API Session" owner="todos_keywords" type="SETUP">
<kw name="Create Session" owner="RequestsLibrary">
<msg time="2026-02-02T15:05:05.204828" level="INFO">Creating Session using : alias=jsonplaceholder, url=https://jsonplaceholder.typicode.com, headers={},                     cookies={}, auth=None, timeout=None, proxies=None, verify=False,                     debug=0 </msg>
<arg>${SESSION}</arg>
<arg>${BASE_URL}</arg>
<doc>Create Session: create a HTTP session to a server</doc>
<status status="PASS" start="2026-02-02T15:05:05.204667" elapsed="0.000299"/>
</kw>
<status status="PASS" start="2026-02-02T15:05:05.204379" elapsed="0.000659"/>
</kw>
<kw name="Get Single Todo" owner="todos_keywords">
<kw name="GET On Session" owner="RequestsLibrary">
<msg time="2026-02-02T15:05:05.460341" level="INFO">GET Request : url=https://jsonplaceholder.typicode.com/todos/1 
 path_url=/todos/1 
 headers={'User-Agent': 'python-requests/2.32.5', 'Accept-Encoding': 'gzip, deflate, zstd', 'Accept': '*/*', 'Connection': 'keep-alive'} 
 body=None 
 </msg>
<msg time="2026-02-02T15:05:05.460608" level="INFO">GET Response : url=https://jsonplaceholder.typicode.com/todos/1 
 status=200, reason=OK 
 headers={'Date': 'Mon, 02 Feb 2026 09:35:05 GMT', 'Content-Type': 'application/json; charset=utf-8', 'Transfer-Encoding': 'chunked', 'Connection': 'keep-alive', 'access-control-allow-credentials': 'true', 'Cache-Control': 'max-age=43200', 'etag': 'W/"53-hfEnumeNh6YirfjyjaujcOPPT+s"', 'expires': '-1', 'nel': '{"report_to":"heroku-nel","response_headers":["Via"],"max_age":3600,"success_fraction":0.01,"failure_fraction":0.1}', 'pragma': 'no-cache', 'report-to': '{"group":"heroku-nel","endpoints":[{"url":"https://nel.heroku.com/reports?s=hVtTJqusmsR0sOTihlOypcmK%2BKWyQbladA51Ji0XRSg%3D\\u0026sid=e11707d5-02a7-43ef-b45e-2cf4d2036f7d\\u0026ts=1769928087"}],"max_age":3600}', 'reporting-endpoints': 'heroku-nel="https://nel.heroku.com/reports?s=hVtTJqusmsR0sOTihlOypcmK%2BKWyQbladA51Ji0XRSg%3D&amp;sid=e11707d5-02a7-43ef-b45e-2cf4d2036f7d&amp;ts=1769928087"', 'Server': 'cloudflare', 'vary': 'Origin, Accept-Encoding', 'via': '2.0 heroku-router', 'x-content-type-options': 'nosniff', 'x-powered-by': 'Express', 'x-ratelimit-limit': '1000', 'x-ratelimit-remaining': '999', 'x-ratelimit-reset': '1769928098', 'Age': '10416', 'cf-cache-status': 'HIT', 'Content-Encoding': 'zstd', 'CF-RAY': '9c78b24bdb4ff916-SIN', 'alt-svc': 'h3=":443"; ma=86400'} 
 body={
  "userId": 1,
  "id": 1,
  "title": "delectus aut autem",
  "completed": false
} 
 </msg>
<msg time="2026-02-02T15:05:05.460794" level="INFO">C:\Users\Sandip.Verma\Desktop\RobotFramework\venv\Lib\site-packages\urllib3\connectionpool.py:1097: InsecureRequestWarning: Unverified HTTPS request is being made to host 'jsonplaceholder.typicode.com'. Adding certificate verification is strongly advised. See: https://urllib3.readthedocs.io/en/latest/advanced-usage.html#tls-warnings
  warnings.warn(</msg>
<msg time="2026-02-02T15:05:05.461691" level="INFO">${response} = &lt;Response [200]&gt;</msg>
<var>${response}</var>
<arg>${SESSION}</arg>
<arg>${todos_endpoint}/${todo_id}</arg>
<doc>Sends a GET request on a previously created HTTP Session.</doc>
<status status="PASS" start="2026-02-02T15:05:05.205706" elapsed="0.256095"/>
</kw>
<kw name="Should Be Equal As Integers" owner="BuiltIn">
<arg>${response.status_code}</arg>
<arg>${success_status_code}</arg>
<doc>Fails if objects are unequal after converting them to integers.</doc>
<status status="PASS" start="2026-02-02T15:05:05.462285" elapsed="0.001961"/>
</kw>
<return>
<value>${response}</value>
<status status="PASS" start="2026-02-02T15:05:05.464431" elapsed="0.000128"/>
</return>
<msg time="2026-02-02T15:05:05.464897" level="INFO">${response} = &lt;Response [200]&gt;</msg>
<var>${response}</var>
<arg>${get_todo_id}</arg>
<status status="PASS" start="2026-02-02T15:05:05.205396" elapsed="0.259571"/>
</kw>
<kw name="Log To Console" owner="BuiltIn">
<arg>${response.json()}</arg>
<doc>Logs the given message to the console.</doc>
<status status="PASS" start="2026-02-02T15:05:05.465556" elapsed="0.001901"/>
</kw>
<kw name="Close API Session" owner="todos_keywords" type="TEARDOWN">
<kw name="Delete All Sessions" owner="RequestsLibrary">
<msg time="2026-02-02T15:05:05.468774" level="INFO">Deleting All Sessions</msg>
<doc>Removes all the session objects</doc>
<status status="PASS" start="2026-02-02T15:05:05.468639" elapsed="0.000255"/>
</kw>
<status status="PASS" start="2026-02-02T15:05:05.468208" elapsed="0.000798"/>
</kw>
<status status="PASS" start="2026-02-02T15:05:05.203787" elapsed="0.265511"/>
</test>
<test id="s1-t3" name="Create New Todo" line="34">
<kw name="Create API Session" owner="todos_keywords" type="SETUP">
<kw name="Create Session" owner="RequestsLibrary">
<msg time="2026-02-02T15:05:05.472202" level="INFO">Creating Session using : alias=jsonplaceholder, url=https://jsonplaceholder.typicode.com, headers={},                     cookies={}, auth=None, timeout=None, proxies=None, verify=False,                     debug=0 </msg>
<arg>${SESSION}</arg>
<arg>${BASE_URL}</arg>
<doc>Create Session: create a HTTP session to a server</doc>
<status status="PASS" start="2026-02-02T15:05:05.471951" elapsed="0.000492"/>
</kw>
<status status="PASS" start="2026-02-02T15:05:05.471430" elapsed="0.001182"/>
</kw>
<kw name="Create New Todo" owner="todos_keywords">
<kw name="Create Dictionary" owner="BuiltIn">
<msg time="2026-02-02T15:05:05.480278" level="INFO">&amp;{data} = { title=This is Robot Framework Test Todo | completed=False | userId=10 }</msg>
<var>&amp;{data}</var>
<arg>title=${title}</arg>
<arg>completed=${completed}</arg>
<arg>userId=${userId}</arg>
<doc>Creates and returns a dictionary based on the given ``items``.</doc>
<status status="PASS" start="2026-02-02T15:05:05.479534" elapsed="0.000788"/>
</kw>
<kw name="POST On Session" owner="RequestsLibrary">
<msg time="2026-02-02T15:05:06.348692" level="INFO">POST Request : url=https://jsonplaceholder.typicode.com/todos 
 path_url=/todos 
 headers={'User-Agent': 'python-requests/2.32.5', 'Accept-Encoding': 'gzip, deflate, zstd', 'Accept': '*/*', 'Connection': 'keep-alive', 'Content-Length': '84', 'Content-Type': 'application/json'} 
 body=b'{"title": "This is Robot Framework Test Todo", "completed": "False", "userId": "10"}' 
 </msg>
<msg time="2026-02-02T15:05:06.348949" level="INFO">POST Response : url=https://jsonplaceholder.typicode.com/todos 
 status=201, reason=Created 
 headers={'Date': 'Mon, 02 Feb 2026 09:35:06 GMT', 'Content-Type': 'application/json; charset=utf-8', 'Content-Length': '105', 'Connection': 'keep-alive', 'access-control-allow-credentials': 'true', 'access-control-expose-headers': 'Location', 'Cache-Control': 'no-cache', 'etag': 'W/"69-5iAStu/7QyXjzOGC3nysfAlXii4"', 'expires': '-1', 'location': 'https://jsonplaceholder.typicode.com/todos/201', 'nel': '{"report_to":"heroku-nel","response_headers":["Via"],"max_age":3600,"success_fraction":0.01,"failure_fraction":0.1}', 'pragma': 'no-cache', 'report-to': '{"group":"heroku-nel","endpoints":[{"url":"https://nel.heroku.com/reports?s=xapciBex3zuzDC7Ub37JxA7hyG1Em1j2zG1QKZ%2Fz%2FoE%3D\\u0026sid=e11707d5-02a7-43ef-b45e-2cf4d2036f7d\\u0026ts=1770024906"}],"max_age":3600}', 'reporting-endpoints': 'heroku-nel="https://nel.heroku.com/reports?s=xapciBex3zuzDC7Ub37JxA7hyG1Em1j2zG1QKZ%2Fz%2FoE%3D&amp;sid=e11707d5-02a7-43ef-b45e-2cf4d2036f7d&amp;ts=1770024906"', 'Server': 'cloudflare', 'vary': 'Origin, X-HTTP-Method-Override, Accept-Encoding', 'via': '2.0 heroku-router', 'x-content-type-options': 'nosniff', 'x-powered-by': 'Express', 'x-ratelimit-limit': '1000', 'x-ratelimit-remaining': '999', 'x-ratelimit-reset': '1770024962', 'cf-cache-status': 'DYNAMIC', 'CF-RAY': '9c78b24d58d87b39-SIN', 'alt-svc': 'h3=":443"; ma=86400'} 
 body={
  "title": "This is Robot Framework Test Todo",
  "completed": "False",
  "userId": "10",
  "id": 201
} 
 </msg>
<msg time="2026-02-02T15:05:06.349983" level="INFO">C:\Users\Sandip.Verma\Desktop\RobotFramework\venv\Lib\site-packages\urllib3\connectionpool.py:1097: InsecureRequestWarning: Unverified HTTPS request is being made to host 'jsonplaceholder.typicode.com'. Adding certificate verification is strongly advised. See: https://urllib3.readthedocs.io/en/latest/advanced-usage.html#tls-warnings
  warnings.warn(</msg>
<msg time="2026-02-02T15:05:06.350834" level="INFO">${response} = &lt;Response [201]&gt;</msg>
<var>${response}</var>
<arg>${SESSION}</arg>
<arg>${todos_endpoint}</arg>
<arg>json=${data}</arg>
<doc>Sends a POST request on a previously created HTTP Session.</doc>
<status status="PASS" start="2026-02-02T15:05:05.480490" elapsed="0.870432"/>
</kw>
<kw name="Should Be Equal As Integers" owner="BuiltIn">
<arg>${response.status_code}</arg>
<arg>${created_status_code}</arg>
<doc>Fails if objects are unequal after converting them to integers.</doc>
<status status="PASS" start="2026-02-02T15:05:06.351256" elapsed="0.001630"/>
</kw>
<return>
<value>${response}</value>
<status status="PASS" start="2026-02-02T15:05:06.353046" elapsed="0.000095"/>
</return>
<msg time="2026-02-02T15:05:06.353434" level="INFO">${response} = &lt;Response [201]&gt;</msg>
<var>${response}</var>
<arg>${create_todo_title}</arg>
<arg>${create_todo_completed}</arg>
<arg>${create_todo_userId}</arg>
<status status="PASS" start="2026-02-02T15:05:05.473175" elapsed="0.880326"/>
</kw>
<kw name="Log To Console" owner="BuiltIn">
<arg>${response.json()}</arg>
<doc>Logs the given message to the console.</doc>
<status status="PASS" start="2026-02-02T15:05:06.354224" elapsed="0.002060"/>
</kw>
<kw name="Close API Session" owner="todos_keywords" type="TEARDOWN">
<kw name="Delete All Sessions" owner="RequestsLibrary">
<msg time="2026-02-02T15:05:06.358013" level="INFO">Deleting All Sessions</msg>
<doc>Removes all the session objects</doc>
<status status="PASS" start="2026-02-02T15:05:06.357846" elapsed="0.000303"/>
</kw>
<status status="PASS" start="2026-02-02T15:05:06.357257" elapsed="0.001030"/>
</kw>
<status status="PASS" start="2026-02-02T15:05:05.470551" elapsed="0.888169"/>
</test>
<test id="s1-t4" name="Update Existing Todo" line="38">
<kw name="Create API Session" owner="todos_keywords" type="SETUP">
<kw name="Create Session" owner="RequestsLibrary">
<msg time="2026-02-02T15:05:06.362447" level="INFO">Creating Session using : alias=jsonplaceholder, url=https://jsonplaceholder.typicode.com, headers={},                     cookies={}, auth=None, timeout=None, proxies=None, verify=False,                     debug=0 </msg>
<arg>${SESSION}</arg>
<arg>${BASE_URL}</arg>
<doc>Create Session: create a HTTP session to a server</doc>
<status status="PASS" start="2026-02-02T15:05:06.362095" elapsed="0.000811"/>
</kw>
<status status="PASS" start="2026-02-02T15:05:06.361557" elapsed="0.001555"/>
</kw>
<kw name="Update Existing Todo" owner="todos_keywords">
<kw name="Create Dictionary" owner="BuiltIn">
<msg time="2026-02-02T15:05:06.365546" level="INFO">&amp;{data} = { id=1 | title=This is Updated Todo Title | completed=True | userId=10 }</msg>
<var>&amp;{data}</var>
<arg>id=${todo_id}</arg>
<arg>title=${title}</arg>
<arg>completed=${completed}</arg>
<arg>userId=${userId}</arg>
<doc>Creates and returns a dictionary based on the given ``items``.</doc>
<status status="PASS" start="2026-02-02T15:05:06.364483" elapsed="0.001145"/>
</kw>
<kw name="PUT On Session" owner="RequestsLibrary">
<msg time="2026-02-02T15:05:06.819125" level="INFO">PUT Request : url=https://jsonplaceholder.typicode.com/todos/1 
 path_url=/todos/1 
 headers={'User-Agent': 'python-requests/2.32.5', 'Accept-Encoding': 'gzip, deflate, zstd', 'Accept': '*/*', 'Connection': 'keep-alive', 'Content-Length': '62', 'Content-Type': 'application/x-www-form-urlencoded'} 
 body=id=1&amp;title=This+is+Updated+Todo+Title&amp;completed=True&amp;userId=10 
 </msg>
<msg time="2026-02-02T15:05:06.819216" level="INFO">PUT Response : url=https://jsonplaceholder.typicode.com/todos/1 
 status=200, reason=OK 
 headers={'Date': 'Mon, 02 Feb 2026 09:35:06 GMT', 'Content-Type': 'application/json; charset=utf-8', 'Transfer-Encoding': 'chunked', 'Connection': 'keep-alive', 'access-control-allow-credentials': 'true', 'Cache-Control': 'no-cache', 'etag': 'W/"5f-InRnk6Bx5TmRDvXqGnZRTSrw1Wk"', 'expires': '-1', 'nel': '{"report_to":"heroku-nel","response_headers":["Via"],"max_age":3600,"success_fraction":0.01,"failure_fraction":0.1}', 'pragma': 'no-cache', 'report-to': '{"group":"heroku-nel","endpoints":[{"url":"https://nel.heroku.com/reports?s=xapciBex3zuzDC7Ub37JxA7hyG1Em1j2zG1QKZ%2Fz%2FoE%3D\\u0026sid=e11707d5-02a7-43ef-b45e-2cf4d2036f7d\\u0026ts=1770024906"}],"max_age":3600}', 'reporting-endpoints': 'heroku-nel="https://nel.heroku.com/reports?s=xapciBex3zuzDC7Ub37JxA7hyG1Em1j2zG1QKZ%2Fz%2FoE%3D&amp;sid=e11707d5-02a7-43ef-b45e-2cf4d2036f7d&amp;ts=1770024906"', 'Server': 'cloudflare', 'vary': 'Origin, Accept-Encoding', 'via': '2.0 heroku-router', 'x-content-type-options': 'nosniff', 'x-powered-by': 'Express', 'x-ratelimit-limit': '1000', 'x-ratelimit-remaining': '998', 'x-ratelimit-reset': '1770024962', 'cf-cache-status': 'DYNAMIC', 'Content-Encoding': 'zstd', 'CF-RAY': '9c78b252fb643dbf-SIN', 'alt-svc': 'h3=":443"; ma=86400'} 
 body={
  "id": 1,
  "title": "This is Updated Todo Title",
  "completed": "True",
  "userId": "10"
} 
 </msg>
<msg time="2026-02-02T15:05:06.819307" level="INFO">C:\Users\Sandip.Verma\Desktop\RobotFramework\venv\Lib\site-packages\urllib3\connectionpool.py:1097: InsecureRequestWarning: Unverified HTTPS request is being made to host 'jsonplaceholder.typicode.com'. Adding certificate verification is strongly advised. See: https://urllib3.readthedocs.io/en/latest/advanced-usage.html#tls-warnings
  warnings.warn(</msg>
<msg time="2026-02-02T15:05:06.819679" level="INFO">${response} = &lt;Response [200]&gt;</msg>
<var>${response}</var>
<arg>${SESSION}</arg>
<arg>${todos_endpoint}/${todo_id}</arg>
<arg>${data}</arg>
<doc>Sends a PUT request on a previously created HTTP Session.</doc>
<status status="PASS" start="2026-02-02T15:05:06.365894" elapsed="0.453821"/>
</kw>
<kw name="Should Be Equal As Integers" owner="BuiltIn">
<arg>${response.status_code}</arg>
<arg>${success_status_code}</arg>
<doc>Fails if objects are unequal after converting them to integers.</doc>
<status status="PASS" start="2026-02-02T15:05:06.819890" elapsed="0.000807"/>
</kw>
<return>
<value>${response}</value>
<status status="PASS" start="2026-02-02T15:05:06.820787" elapsed="0.000058"/>
</return>
<msg time="2026-02-02T15:05:06.820991" level="INFO">${response} = &lt;Response [200]&gt;</msg>
<var>${response}</var>
<arg>${update_todo_id}</arg>
<arg>${update_todo_title}</arg>
<arg>${update_todo_completed}</arg>
<arg>${update_todo_userId}</arg>
<status status="PASS" start="2026-02-02T15:05:06.363790" elapsed="0.457224"/>
</kw>
<kw name="Log To Console" owner="BuiltIn">
<arg>${response.json()}</arg>
<doc>Logs the given message to the console.</doc>
<status status="PASS" start="2026-02-02T15:05:06.821336" elapsed="0.000804"/>
</kw>
<kw name="Close API Session" owner="todos_keywords" type="TEARDOWN">
<kw name="Delete All Sessions" owner="RequestsLibrary">
<msg time="2026-02-02T15:05:06.822793" level="INFO">Deleting All Sessions</msg>
<doc>Removes all the session objects</doc>
<status status="PASS" start="2026-02-02T15:05:06.822730" elapsed="0.000117"/>
</kw>
<status status="PASS" start="2026-02-02T15:05:06.822500" elapsed="0.000399"/>
</kw>
<status status="PASS" start="2026-02-02T15:05:06.360533" elapsed="0.462633"/>
</test>
<test id="s1-t5" name="Patch Title of Todo" line="42">
<kw name="Create API Session" owner="todos_keywords" type="SETUP">
<kw name="Create Session" owner="RequestsLibrary">
<msg time="2026-02-02T15:05:06.824753" level="INFO">Creating Session using : alias=jsonplaceholder, url=https://jsonplaceholder.typicode.com, headers={},                     cookies={}, auth=None, timeout=None, proxies=None, verify=False,                     debug=0 </msg>
<arg>${SESSION}</arg>
<arg>${BASE_URL}</arg>
<doc>Create Session: create a HTTP session to a server</doc>
<status status="PASS" start="2026-02-02T15:05:06.824641" elapsed="0.000220"/>
</kw>
<status status="PASS" start="2026-02-02T15:05:06.824467" elapsed="0.000448"/>
</kw>
<kw name="Patch Title of Todo" owner="todos_keywords">
<kw name="Create Dictionary" owner="BuiltIn">
<msg time="2026-02-02T15:05:06.825755" level="INFO">&amp;{data} = { title=This is Partially Updated Todo Title }</msg>
<var>&amp;{data}</var>
<arg>title=${title}</arg>
<doc>Creates and returns a dictionary based on the given ``items``.</doc>
<status status="PASS" start="2026-02-02T15:05:06.825486" elapsed="0.000292"/>
</kw>
<kw name="PATCH On Session" owner="RequestsLibrary">
<msg time="2026-02-02T15:05:07.704800" level="INFO">PATCH Request : url=https://jsonplaceholder.typicode.com/todos/1 
 path_url=/todos/1 
 headers={'User-Agent': 'python-requests/2.32.5', 'Accept-Encoding': 'gzip, deflate, zstd', 'Accept': '*/*', 'Connection': 'keep-alive', 'Content-Length': '42', 'Content-Type': 'application/x-www-form-urlencoded'} 
 body=title=This+is+Partially+Updated+Todo+Title 
 </msg>
<msg time="2026-02-02T15:05:07.705010" level="INFO">PATCH Response : url=https://jsonplaceholder.typicode.com/todos/1 
 status=200, reason=OK 
 headers={'Date': 'Mon, 02 Feb 2026 09:35:07 GMT', 'Content-Type': 'application/json; charset=utf-8', 'Transfer-Encoding': 'chunked', 'Connection': 'keep-alive', 'access-control-allow-credentials': 'true', 'Cache-Control': 'no-cache', 'etag': 'W/"65-3JId/FvCBkdIKvtvV8y6vJWofyI"', 'expires': '-1', 'nel': '{"report_to":"heroku-nel","response_headers":["Via"],"max_age":3600,"success_fraction":0.01,"failure_fraction":0.1}', 'pragma': 'no-cache', 'report-to': '{"group":"heroku-nel","endpoints":[{"url":"https://nel.heroku.com/reports?s=BIGlCmljhVXsnRTuQ7DndAKj92P8kuhU9dUh0m1abj8%3D\\u0026sid=e11707d5-02a7-43ef-b45e-2cf4d2036f7d\\u0026ts=1770024907"}],"max_age":3600}', 'reporting-endpoints': 'heroku-nel="https://nel.heroku.com/reports?s=BIGlCmljhVXsnRTuQ7DndAKj92P8kuhU9dUh0m1abj8%3D&amp;sid=e11707d5-02a7-43ef-b45e-2cf4d2036f7d&amp;ts=1770024907"', 'Server': 'cloudflare', 'vary': 'Origin, Accept-Encoding', 'via': '2.0 heroku-router', 'x-content-type-options': 'nosniff', 'x-powered-by': 'Express', 'x-ratelimit-limit': '1000', 'x-ratelimit-remaining': '997', 'x-ratelimit-reset': '1770024962', 'cf-cache-status': 'DYNAMIC', 'Content-Encoding': 'zstd', 'CF-RAY': '9c78b255d9a44021-SIN', 'alt-svc': 'h3=":443"; ma=86400'} 
 body={
  "userId": 1,
  "id": 1,
  "title": "This is Partially Updated Todo Title",
  "completed": false
} 
 </msg>
<msg time="2026-02-02T15:05:07.705154" level="INFO">C:\Users\Sandip.Verma\Desktop\RobotFramework\venv\Lib\site-packages\urllib3\connectionpool.py:1097: InsecureRequestWarning: Unverified HTTPS request is being made to host 'jsonplaceholder.typicode.com'. Adding certificate verification is strongly advised. See: https://urllib3.readthedocs.io/en/latest/advanced-usage.html#tls-warnings
  warnings.warn(</msg>
<msg time="2026-02-02T15:05:07.705978" level="INFO">${response} = &lt;Response [200]&gt;</msg>
<var>${response}</var>
<arg>${SESSION}</arg>
<arg>${todos_endpoint}/${todo_id}</arg>
<arg>${data}</arg>
<doc>Sends a PATCH request on a previously created HTTP Session.</doc>
<status status="PASS" start="2026-02-02T15:05:06.825854" elapsed="0.880211"/>
</kw>
<kw name="Should Be Equal As Integers" owner="BuiltIn">
<arg>${response.status_code}</arg>
<arg>${success_status_code}</arg>
<doc>Fails if objects are unequal after converting them to integers.</doc>
<status status="PASS" start="2026-02-02T15:05:07.706409" elapsed="0.001707"/>
</kw>
<return>
<value>${response}</value>
<status status="PASS" start="2026-02-02T15:05:07.708275" elapsed="0.000096"/>
</return>
<msg time="2026-02-02T15:05:07.708670" level="INFO">${response} = &lt;Response [200]&gt;</msg>
<var>${response}</var>
<arg>${patch_todo_id}</arg>
<arg>${patch_todo_title}</arg>
<status status="PASS" start="2026-02-02T15:05:06.825254" elapsed="0.883483"/>
</kw>
<kw name="Log To Console" owner="BuiltIn">
<arg>${response.json()}</arg>
<doc>Logs the given message to the console.</doc>
<status status="PASS" start="2026-02-02T15:05:07.709422" elapsed="0.001917"/>
</kw>
<kw name="Close API Session" owner="todos_keywords" type="TEARDOWN">
<kw name="Delete All Sessions" owner="RequestsLibrary">
<msg time="2026-02-02T15:05:07.712774" level="INFO">Deleting All Sessions</msg>
<doc>Removes all the session objects</doc>
<status status="PASS" start="2026-02-02T15:05:07.712613" elapsed="0.000286"/>
</kw>
<status status="PASS" start="2026-02-02T15:05:07.712001" elapsed="0.001019"/>
</kw>
<status status="PASS" start="2026-02-02T15:05:06.824021" elapsed="0.889390"/>
</test>
<test id="s1-t6" name="Delete A Todo" line="46">
<kw name="Create API Session" owner="todos_keywords" type="SETUP">
<kw name="Create Session" owner="RequestsLibrary">
<msg time="2026-02-02T15:05:07.715428" level="INFO">Creating Session using : alias=jsonplaceholder, url=https://jsonplaceholder.typicode.com, headers={},                     cookies={}, auth=None, timeout=None, proxies=None, verify=False,                     debug=0 </msg>
<arg>${SESSION}</arg>
<arg>${BASE_URL}</arg>
<doc>Create Session: create a HTTP session to a server</doc>
<status status="PASS" start="2026-02-02T15:05:07.715271" elapsed="0.000300"/>
</kw>
<status status="PASS" start="2026-02-02T15:05:07.715023" elapsed="0.000622"/>
</kw>
<kw name="Delete A Todo" owner="todos_keywords">
<kw name="DELETE On Session" owner="RequestsLibrary">
<msg time="2026-02-02T15:05:08.577359" level="INFO">DELETE Request : url=https://jsonplaceholder.typicode.com/todos/1 
 path_url=/todos/1 
 headers={'User-Agent': 'python-requests/2.32.5', 'Accept-Encoding': 'gzip, deflate, zstd', 'Accept': '*/*', 'Connection': 'keep-alive', 'Content-Length': '0'} 
 body=None 
 </msg>
<msg time="2026-02-02T15:05:08.577457" level="INFO">DELETE Response : url=https://jsonplaceholder.typicode.com/todos/1 
 status=200, reason=OK 
 headers={'Date': 'Mon, 02 Feb 2026 09:35:08 GMT', 'Content-Type': 'application/json; charset=utf-8', 'Transfer-Encoding': 'chunked', 'Connection': 'keep-alive', 'access-control-allow-credentials': 'true', 'Cache-Control': 'no-cache', 'etag': 'W/"2-vyGp6PvFo4RvsFtPoIWeCReyIC8"', 'expires': '-1', 'nel': '{"report_to":"heroku-nel","response_headers":["Via"],"max_age":3600,"success_fraction":0.01,"failure_fraction":0.1}', 'pragma': 'no-cache', 'report-to': '{"group":"heroku-nel","endpoints":[{"url":"https://nel.heroku.com/reports?s=yfjeGY9ZaYZdPMQ5JmbUkXNgmMU8OrZF%2B0yY3alAKe8%3D\\u0026sid=e11707d5-02a7-43ef-b45e-2cf4d2036f7d\\u0026ts=1770024908"}],"max_age":3600}', 'reporting-endpoints': 'heroku-nel="https://nel.heroku.com/reports?s=yfjeGY9ZaYZdPMQ5JmbUkXNgmMU8OrZF%2B0yY3alAKe8%3D&amp;sid=e11707d5-02a7-43ef-b45e-2cf4d2036f7d&amp;ts=1770024908"', 'Server': 'cloudflare', 'vary': 'Origin, Accept-Encoding', 'via': '2.0 heroku-router', 'x-content-type-options': 'nosniff', 'x-powered-by': 'Express', 'x-ratelimit-limit': '1000', 'x-ratelimit-remaining': '996', 'x-ratelimit-reset': '1770024962', 'cf-cache-status': 'DYNAMIC', 'Content-Encoding': 'zstd', 'CF-RAY': '9c78b25b4a8dce3d-SIN', 'alt-svc': 'h3=":443"; ma=86400'} 
 body={} 
 </msg>
<msg time="2026-02-02T15:05:08.577549" level="INFO">C:\Users\Sandip.Verma\Desktop\RobotFramework\venv\Lib\site-packages\urllib3\connectionpool.py:1097: InsecureRequestWarning: Unverified HTTPS request is being made to host 'jsonplaceholder.typicode.com'. Adding certificate verification is strongly advised. See: https://urllib3.readthedocs.io/en/latest/advanced-usage.html#tls-warnings
  warnings.warn(</msg>
<msg time="2026-02-02T15:05:08.577973" level="INFO">${response} = &lt;Response [200]&gt;</msg>
<var>${response}</var>
<arg>${SESSION}</arg>
<arg>${todos_endpoint}/${todo_id}</arg>
<doc>Sends a DELETE request on a previously created HTTP Session.</doc>
<status status="PASS" start="2026-02-02T15:05:07.716392" elapsed="0.861650"/>
</kw>
<kw name="Should Be Equal As Integers" owner="BuiltIn">
<arg>${response.status_code}</arg>
<arg>${success_status_code}</arg>
<doc>Fails if objects are unequal after converting them to integers.</doc>
<status status="PASS" start="2026-02-02T15:05:08.578252" elapsed="0.000683"/>
</kw>
<return>
<value>${response}</value>
<status status="PASS" start="2026-02-02T15:05:08.578997" elapsed="0.000040"/>
</return>
<msg time="2026-02-02T15:05:08.579152" level="INFO">${response} = &lt;Response [200]&gt;</msg>
<var>${response}</var>
<arg>${delete_todo_id}</arg>
<status status="PASS" start="2026-02-02T15:05:07.716087" elapsed="0.863088"/>
</kw>
<kw name="Log To Console" owner="BuiltIn">
<arg>${response.json()}</arg>
<doc>Logs the given message to the console.</doc>
<status status="PASS" start="2026-02-02T15:05:08.579495" elapsed="0.000673"/>
</kw>
<kw name="Log To Console" owner="BuiltIn">
<arg>Deleted Status = ${response.status_code}</arg>
<doc>Logs the given message to the console.</doc>
<status status="PASS" start="2026-02-02T15:05:08.580343" elapsed="0.000645"/>
</kw>
<kw name="Close API Session" owner="todos_keywords" type="TEARDOWN">
<kw name="Delete All Sessions" owner="RequestsLibrary">
<msg time="2026-02-02T15:05:08.581582" level="INFO">Deleting All Sessions</msg>
<doc>Removes all the session objects</doc>
<status status="PASS" start="2026-02-02T15:05:08.581512" elapsed="0.000121"/>
</kw>
<status status="PASS" start="2026-02-02T15:05:08.581290" elapsed="0.000411"/>
</kw>
<status status="PASS" start="2026-02-02T15:05:07.714518" elapsed="0.867466"/>
</test>
<status status="PASS" start="2026-02-02T15:05:04.685908" elapsed="3.897014"/>
</suite>
<statistics>
<total>
<stat pass="6" fail="0" skip="0">All Tests</stat>
</total>
<tag>
</tag>
<suite>
<stat name="Todos Tests" id="s1" pass="6" fail="0" skip="0">Todos Tests</stat>
</suite>
</statistics>
<errors>
</errors>
</robot>
